<?xml version="1.0" encoding="UTF-8"?>
<testng-results ignored="0" total="1" passed="1" failed="0" skipped="0">
  <reporter-output>
  </reporter-output>
  <suite started-at="2024-07-05T15:32:42 IST" name="Default suite" finished-at="2024-07-05T15:32:44 IST" duration-ms="1556">
    <groups>
    </groups>
    <test started-at="2024-07-05T15:32:42 IST" name="Default test" finished-at="2024-07-05T15:32:44 IST" duration-ms="1556">
      <class name="com.apitesting.MITHomePage">
        <test-method signature="PUTRequest()[pri:0, instance:com.apitesting.MITHomePage@6b81ce95]" started-at="2024-07-05T15:32:42 IST" name="PUTRequest" finished-at="2024-07-05T15:32:44 IST" duration-ms="1508" status="PASS">
          <reporter-output>
          </reporter-output>
        </test-method> <!-- PUTRequest -->
      </class> <!-- com.apitesting.MITHomePage -->
    </test> <!-- Default test -->
  </suite> <!-- Default suite -->
</testng-results>
