{
  "stats": {
    "suites": 6,
    "tests": 8,
    "passes": 5,
    "pending": 1,
    "failures": 2,
    "start": "2024-07-09T12:42:37.190Z",
    "end": "2024-07-09T12:42:37.613Z",
    "duration": 423,
    "testsRegistered": 8,
    "passPercent": 71.42857142857143,
    "pendingPercent": 12.5,
    "other": 0,
    "hasOther": false,
    "skipped": 0,
    "hasSkipped": false
  },
  "results": [
    {
      "uuid": "55e60969-b2c6-4f4d-bdf0-c04787cf2b47",
      "title": "",
      "fullFile": "",
      "file": "",
      "beforeHooks": [],
      "afterHooks": [],
      "tests": [],
      "suites": [
        {
          "uuid": "29dfb36a-0b42-472f-a677-6fa519de5c17",
          "title": "TDD hooks",
          "fullFile": "C:\\Users\\raghulkumar.m\\Desktop\\Mokha-Child\\test\\app.spec.js",
          "file": "\\test\\app.spec.js",
          "beforeHooks": [
            {
              "title": "\"before all\" hook in \"TDD hooks\"",
              "fullTitle": "TDD hooks \"before all\" hook in \"TDD hooks\"",
              "timedOut": false,
              "duration": 0,
              "state": null,
              "speed": null,
              "pass": false,
              "fail": false,
              "pending": false,
              "context": null,
              "code": "console.log(\"one suite setup\")",
              "err": {},
              "uuid": "26d20a6f-c40e-45e1-8526-134015f59355",
              "parentUUID": "29dfb36a-0b42-472f-a677-6fa519de5c17",
              "isHook": true,
              "skipped": false
            },
            {
              "title": "\"before all\" hook in \"TDD hooks\"",
              "fullTitle": "TDD hooks \"before all\" hook in \"TDD hooks\"",
              "timedOut": false,
              "duration": 1,
              "state": null,
              "speed": null,
              "pass": false,
              "fail": false,
              "pending": false,
              "context": null,
              "code": "console.log(\"one suite setup\")",
              "err": {},
              "uuid": "c6fa4924-7884-47c8-86a3-0fc03fe79776",
              "parentUUID": "29dfb36a-0b42-472f-a677-6fa519de5c17",
              "isHook": true,
              "skipped": false
            },
            {
              "title": "\"before each\" hook in \"TDD hooks\"",
              "fullTitle": "TDD hooks \"before each\" hook in \"TDD hooks\"",
              "timedOut": false,
              "duration": 0,
              "state": null,
              "speed": null,
              "pass": false,
              "fail": false,
              "pending": false,
              "context": null,
              "code": "console.log(\"one setup\")",
              "err": {},
              "uuid": "2bce6cba-4f30-4577-9076-00cc70a38ece",
              "parentUUID": "29dfb36a-0b42-472f-a677-6fa519de5c17",
              "isHook": true,
              "skipped": false
            }
          ],
          "afterHooks": [
            {
              "title": "\"after all\" hook in \"TDD hooks\"",
              "fullTitle": "TDD hooks \"after all\" hook in \"TDD hooks\"",
              "timedOut": false,
              "duration": 0,
              "state": null,
              "speed": null,
              "pass": false,
              "fail": false,
              "pending": false,
              "context": null,
              "code": "console.log(\"one suite Teardown\")",
              "err": {},
              "uuid": "b6e404fb-8207-4e07-9019-d834bb6fdacf",
              "parentUUID": "29dfb36a-0b42-472f-a677-6fa519de5c17",
              "isHook": true,
              "skipped": false
            },
            {
              "title": "\"after each\" hook in \"TDD hooks\"",
              "fullTitle": "TDD hooks \"after each\" hook in \"TDD hooks\"",
              "timedOut": false,
              "duration": 0,
              "state": null,
              "speed": null,
              "pass": false,
              "fail": false,
              "pending": false,
              "context": null,
              "code": "console.log(\"one teardown\")",
              "err": {},
              "uuid": "c68cfb7f-2543-458f-ab03-0c13a173d5e4",
              "parentUUID": "29dfb36a-0b42-472f-a677-6fa519de5c17",
              "isHook": true,
              "skipped": false
            }
          ],
          "tests": [
            {
              "title": "add(5,8) should return 13",
              "fullTitle": "TDD hooks add(5,8) should return 13",
              "timedOut": false,
              "duration": 1,
              "state": "passed",
              "speed": "fast",
              "pass": true,
              "fail": false,
              "pending": false,
              "context": null,
              "code": "console.log('one test')",
              "err": {},
              "uuid": "a65e8cfc-eddd-4dd5-89a4-c6ffe2abb09a",
              "parentUUID": "29dfb36a-0b42-472f-a677-6fa519de5c17",
              "isHook": false,
              "skipped": false
            }
          ],
          "suites": [],
          "passes": [
            "a65e8cfc-eddd-4dd5-89a4-c6ffe2abb09a"
          ],
          "failures": [],
          "pending": [],
          "skipped": [],
          "duration": 1,
          "root": false,
          "rootEmpty": false,
          "_timeout": 20
        },
        {
          "uuid": "1f2dd252-46b4-4764-a973-65b7f312b367",
          "title": "async test suite 1",
          "fullFile": "C:\\Users\\raghulkumar.m\\Desktop\\Mokha-Child\\test\\async.app.spec.js",
          "file": "\\test\\async.app.spec.js",
          "beforeHooks": [],
          "afterHooks": [],
          "tests": [
            {
              "title": "promised based way",
              "fullTitle": "async test suite 1 promised based way",
              "timedOut": false,
              "duration": 11,
              "state": "passed",
              "speed": "fast",
              "pass": true,
              "fail": false,
              "pending": false,
              "context": null,
              "code": "return axios.get('https://reqres.in/api/users?page=2').then(res =>{\n    // expect(res.data.data[1].email.to.be.equal('lindsay.ferguson@reqres.in'))\n    // expect(res.data.data[1].id.to.be.equal(8))\n    expect(res.data.data[1].id).to.be.equal(8)\n})",
              "err": {},
              "uuid": "3b228f30-2578-4574-9a74-895a11e93ec6",
              "parentUUID": "1f2dd252-46b4-4764-a973-65b7f312b367",
              "isHook": false,
              "skipped": false
            },
            {
              "title": "done based way",
              "fullTitle": "async test suite 1 done based way",
              "timedOut": true,
              "duration": 30,
              "state": "failed",
              "speed": null,
              "pass": false,
              "fail": true,
              "pending": false,
              "context": null,
              "code": "axios.get('https://reqres.in/api/users?page=2').then(res =>{\nexpect(res.data.data[1].email).to.be.equal('lindsay.ferguson@reqres.in')\n// expect(res.data.data[1].id.to.be.equal(8))\nexpect(res.data.data[1].id).to.be.equal(8)\n        }).catch(err =>{\ndone(err) \n        })",
              "err": {
                "message": "Error: Timeout of 20ms exceeded. For async tests and hooks, ensure \"done()\" is called; if returning a Promise, ensure it resolves. (C:\\Users\\raghulkumar.m\\Desktop\\Mokha-Child\\test\\async.app.spec.js)",
                "estack": "Error: Timeout of 20ms exceeded. For async tests and hooks, ensure \"done()\" is called; if returning a Promise, ensure it resolves. (C:\\Users\\raghulkumar.m\\Desktop\\Mokha-Child\\test\\async.app.spec.js)\n    at listOnTimeout (node:internal/timers:573:17)\n    at process.processTimers (node:internal/timers:514:7)",
                "diff": null
              },
              "uuid": "5f2d3ca0-c0cd-4f9d-9117-0ce8fcd128dd",
              "parentUUID": "1f2dd252-46b4-4764-a973-65b7f312b367",
              "isHook": false,
              "skipped": false
            },
            {
              "title": "async await based way",
              "fullTitle": "async test suite 1 async await based way",
              "timedOut": false,
              "duration": 14,
              "state": "passed",
              "speed": "fast",
              "pass": true,
              "fail": false,
              "pending": false,
              "context": null,
              "code": "const res = await axios.get('https://reqres.in/api/users?page=2')\nexpect(res.data.data[0].email).to.be.equal('michael.lawson@reqres.in')",
              "err": {},
              "uuid": "6a485317-e3b8-4b7f-8664-9a8e370aaf8e",
              "parentUUID": "1f2dd252-46b4-4764-a973-65b7f312b367",
              "isHook": false,
              "skipped": false
            }
          ],
          "suites": [],
          "passes": [
            "3b228f30-2578-4574-9a74-895a11e93ec6",
            "6a485317-e3b8-4b7f-8664-9a8e370aaf8e"
          ],
          "failures": [
            "5f2d3ca0-c0cd-4f9d-9117-0ce8fcd128dd"
          ],
          "pending": [],
          "skipped": [],
          "duration": 55,
          "root": false,
          "rootEmpty": false,
          "_timeout": 20
        },
        {
          "uuid": "c450cfd5-0926-4fb5-87ff-610f38188e09",
          "title": "HooksSuite 1",
          "fullFile": "C:\\Users\\raghulkumar.m\\Desktop\\Mokha-Child\\test\\hooks.spec.js",
          "file": "\\test\\hooks.spec.js",
          "beforeHooks": [
            {
              "title": "\"before all\" hook",
              "fullTitle": "HooksSuite 1 \"before all\" hook",
              "timedOut": false,
              "duration": 0,
              "state": null,
              "speed": null,
              "pass": false,
              "fail": false,
              "pending": false,
              "context": null,
              "code": "console.log(\"before\")",
              "err": {},
              "uuid": "d14b2b95-c67c-4f3f-b09b-81c9168e56e3",
              "parentUUID": null,
              "isHook": true,
              "skipped": false
            },
            {
              "title": "\"before each\" hook",
              "fullTitle": "HooksSuite 1 \"before each\" hook",
              "timedOut": false,
              "duration": 0,
              "state": null,
              "speed": null,
              "pass": false,
              "fail": false,
              "pending": false,
              "context": null,
              "code": "console.log(\"before Each\")",
              "err": {},
              "uuid": "7858c608-8722-4c68-8d83-3bda8a9b14a5",
              "parentUUID": null,
              "isHook": true,
              "skipped": false
            }
          ],
          "afterHooks": [
            {
              "title": "\"after all\" hook",
              "fullTitle": "HooksSuite 1 \"after all\" hook",
              "timedOut": false,
              "duration": 0,
              "state": null,
              "speed": null,
              "pass": false,
              "fail": false,
              "pending": false,
              "context": null,
              "code": "console.log(\"after\")",
              "err": {},
              "uuid": "227b2430-bebe-4403-bb14-dd0079e09d73",
              "parentUUID": null,
              "isHook": true,
              "skipped": false
            },
            {
              "title": "\"after each\" hook",
              "fullTitle": "HooksSuite 1 \"after each\" hook",
              "timedOut": false,
              "duration": 0,
              "state": null,
              "speed": null,
              "pass": false,
              "fail": false,
              "pending": false,
              "context": null,
              "code": "console.log(\"afterEach\")",
              "err": {},
              "uuid": "8e903db3-bdb2-4ee3-af34-48e59e6249ee",
              "parentUUID": null,
              "isHook": true,
              "skipped": false
            }
          ],
          "tests": [],
          "suites": [],
          "passes": [],
          "failures": [],
          "pending": [],
          "skipped": [],
          "duration": 0,
          "root": false,
          "rootEmpty": false,
          "_timeout": 20
        },
        {
          "uuid": "133d8776-70a7-4a9b-b24c-e16f696392cc",
          "title": "Test Suite 1",
          "fullFile": "C:\\Users\\raghulkumar.m\\Desktop\\Mokha-Child\\test\\retry.spec.js",
          "file": "\\test\\retry.spec.js",
          "beforeHooks": [],
          "afterHooks": [],
          "tests": [
            {
              "title": "Promised based way ",
              "fullTitle": "Test Suite 1 Promised based way ",
              "timedOut": false,
              "duration": 13,
              "state": "failed",
              "speed": null,
              "pass": false,
              "fail": true,
              "pending": false,
              "context": null,
              "code": "this.retries(3);\nreturn axios.get('https://reqres.in/api/users?page=2')\n.then(res =>{\n    expect(res.data.data[1].email).to.be.equal('lindsay.ferguson@reqes.in');\n})\n.catch(err =>{\n    console.error('Error during test: ',err);\n    throw err;\n});",
              "err": {
                "message": "AssertionError: expected 'lindsay.ferguson@reqres.in' to equal 'lindsay.ferguson@reqes.in'",
                "estack": "AssertionError: expected 'lindsay.ferguson@reqres.in' to equal 'lindsay.ferguson@reqes.in'\n    at C:\\Users\\raghulkumar.m\\Desktop\\Mokha-Child\\test\\retry.spec.js:15:50\n    at process.processTicksAndRejections (node:internal/process/task_queues:95:5)",
                "diff": "- lindsay.ferguson@reqres.in\n+ lindsay.ferguson@reqes.in\n"
              },
              "uuid": "f0424e76-cd8b-4e23-868b-a56e5566e48f",
              "parentUUID": "133d8776-70a7-4a9b-b24c-e16f696392cc",
              "isHook": false,
              "skipped": false
            }
          ],
          "suites": [],
          "passes": [],
          "failures": [
            "f0424e76-cd8b-4e23-868b-a56e5566e48f"
          ],
          "pending": [],
          "skipped": [],
          "duration": 13,
          "root": false,
          "rootEmpty": false,
          "_timeout": 20
        },
        {
          "uuid": "7fefb2d4-7e86-4518-a0e0-5d1b0b672aa3",
          "title": "Test Suite 1",
          "fullFile": "C:\\Users\\raghulkumar.m\\Desktop\\Mokha-Child\\test\\timeout.spec.js",
          "file": "\\test\\timeout.spec.js",
          "beforeHooks": [],
          "afterHooks": [],
          "tests": [
            {
              "title": "Promised based way ",
              "fullTitle": "Test Suite 1 Promised based way ",
              "timedOut": false,
              "duration": 16,
              "state": "passed",
              "speed": "fast",
              "pass": true,
              "fail": false,
              "pending": false,
              "context": null,
              "code": "this.timeout(20);\nreturn axios.get('https://reqres.in/api/users?page=2')\n.then(res =>{\n    expect(res.data.data[1].email).to.be.equal('lindsay.ferguson@reqres.in');\n})\n.catch(err =>{\n    console.error('Error during test: ',err);\n    throw err;\n});",
              "err": {},
              "uuid": "b900a0ba-7623-4468-bc25-02c5105b49eb",
              "parentUUID": "7fefb2d4-7e86-4518-a0e0-5d1b0b672aa3",
              "isHook": false,
              "skipped": false
            }
          ],
          "suites": [],
          "passes": [
            "b900a0ba-7623-4468-bc25-02c5105b49eb"
          ],
          "failures": [],
          "pending": [],
          "skipped": [],
          "duration": 16,
          "root": false,
          "rootEmpty": false,
          "_timeout": 20
        },
        {
          "uuid": "5aed64bb-ff1b-416e-9f1f-e6fa79454aa7",
          "title": "Test Suite 1",
          "fullFile": "C:\\Users\\raghulkumar.m\\Desktop\\Mokha-Child\\test\\timeout.spec.js",
          "file": "\\test\\timeout.spec.js",
          "beforeHooks": [],
          "afterHooks": [],
          "tests": [
            {
              "title": "Promised based way ",
              "fullTitle": "Test Suite 1 Promised based way ",
              "timedOut": false,
              "duration": 0,
              "state": "pending",
              "speed": null,
              "pass": false,
              "fail": false,
              "pending": true,
              "context": null,
              "code": "",
              "err": {},
              "uuid": "4f01f957-cfee-4f6a-a4e0-c09e3e06fa1d",
              "parentUUID": "5aed64bb-ff1b-416e-9f1f-e6fa79454aa7",
              "isHook": false,
              "skipped": false
            }
          ],
          "suites": [],
          "passes": [],
          "failures": [],
          "pending": [
            "4f01f957-cfee-4f6a-a4e0-c09e3e06fa1d"
          ],
          "skipped": [],
          "duration": 0,
          "root": false,
          "rootEmpty": false,
          "_timeout": 20
        },
        {
          "uuid": "386c950f-bca8-4a6d-98c2-c75e1da1e261",
          "title": "Test Suite 1",
          "fullFile": "C:\\Users\\raghulkumar.m\\Desktop\\Mokha-Child\\test\\timeout.spec.js",
          "file": "\\test\\timeout.spec.js",
          "beforeHooks": [],
          "afterHooks": [],
          "tests": [
            {
              "title": "Promised based way ",
              "fullTitle": "Test Suite 1 Promised based way ",
              "timedOut": false,
              "duration": 11,
              "state": "passed",
              "speed": "fast",
              "pass": true,
              "fail": false,
              "pending": false,
              "context": null,
              "code": "this.timeout(20);\nreturn axios.get('https://reqres.in/api/users?page=2')\n.then(res =>{\n    expect(res.data.data[1].email).to.be.equal('lindsay.ferguson@reqres.in');\n})\n.catch(err =>{\n    console.error('Error during test: ',err);\n    throw err;\n});",
              "err": {},
              "uuid": "2e2f9e4e-1caa-40fc-a5cb-f0a709eafd3d",
              "parentUUID": "386c950f-bca8-4a6d-98c2-c75e1da1e261",
              "isHook": false,
              "skipped": false
            }
          ],
          "suites": [],
          "passes": [
            "2e2f9e4e-1caa-40fc-a5cb-f0a709eafd3d"
          ],
          "failures": [],
          "pending": [],
          "skipped": [],
          "duration": 11,
          "root": false,
          "rootEmpty": false,
          "_timeout": 20
        }
      ],
      "passes": [],
      "failures": [],
      "pending": [],
      "skipped": [],
      "duration": 0,
      "root": true,
      "rootEmpty": true,
      "_timeout": 20
    }
  ],
  "meta": {
    "mocha": {
      "version": "10.6.0"
    },
    "mochawesome": {
      "options": {
        "quiet": false,
        "reportFilename": "mochawesome",
        "saveHtml": true,
        "saveJson": true,
        "consoleReporter": "spec",
        "useInlineDiffs": false,
        "code": true
      },
      "version": "7.1.3"
    },
    "marge": {
      "options": {
        "reportDir": "Report",
        "reopenfilename": "Test_Report"
      },
      "version": "6.2.0"
    }
  }
}